[debug] [2020-12-03T15:29:26.343Z] ----------------------------------------------------------------------
[debug] [2020-12-03T15:29:26.347Z] Command:       C:\Program Files\nodejs\node.exe C:\Users\Jimit\AppData\Roaming\npm\node_modules\firebase-tools\lib\bin\firebase.js init
[debug] [2020-12-03T15:29:26.347Z] CLI Version:   8.16.2
[debug] [2020-12-03T15:29:26.347Z] Platform:      win32
[debug] [2020-12-03T15:29:26.347Z] Node Version:  v12.18.3
[debug] [2020-12-03T15:29:26.461Z] Time:          Thu Dec 03 2020 20:59:26 GMT+0530 (India Standard Time)
[debug] [2020-12-03T15:29:26.462Z] ----------------------------------------------------------------------
[debug] [2020-12-03T15:29:26.462Z] 
[debug] [2020-12-03T15:29:26.475Z] >>> [apiv2][query] GET https://firebase-public.firebaseio.com/cli.json [none]
[debug] [2020-12-03T15:29:26.559Z] > command requires scopes: ["email","openid","https://www.googleapis.com/auth/cloudplatformprojects.readonly","https://www.googleapis.com/auth/firebase","https://www.googleapis.com/auth/cloud-platform"]
[debug] [2020-12-03T15:29:26.560Z] > authorizing via signed-in user
[info] 
     ######## #### ########  ######## ########     ###     ######  ########
     ##        ##  ##     ## ##       ##     ##  ##   ##  ##       ##
     ######    ##  ########  ######   ########  #########  ######  ######
     ##        ##  ##    ##  ##       ##     ## ##     ##       ## ##
     ##       #### ##     ## ######## ########  ##     ##  ######  ########

You're about to initialize a Firebase project in this directory:

  C:\Users\Jimit\MERN-Projects\weather_app_mern

[debug] [2020-12-03T15:29:27.612Z] <<< [apiv2][status] GET https://firebase-public.firebaseio.com/cli.json 200
[debug] [2020-12-03T15:29:27.612Z] <<< [apiv2][body] GET https://firebase-public.firebaseio.com/cli.json {"cloudBuildErrorAfter":1594252800000,"cloudBuildWarnAfter":1590019200000,"defaultNode10After":1594252800000,"minVersion":"3.0.5","node8DeploysDisabledAfter":1613390400000,"node8RuntimeDisabledAfter":1615809600000,"node8WarnAfter":1600128000000}
